11:56:16.561 [main] INFO  testCases.TC01_Doctors - *******Starting the TC001 TestCases********
11:56:18.276 [main] INFO  testCases.TC01_Doctors - *******Validating the HomePage********
11:56:51.223 [main] INFO  testCases.TC01_Doctors - *******clicking find doctors********
11:56:53.779 [main] INFO  testCases.TC01_Doctors - *******Sending the location********
11:57:25.828 [main] INFO  testCases.TC01_Doctors - *******Searching Doctor********
11:58:06.887 [main] INFO  testCases.TC01_Doctors - *******selecting the gender********
12:14:30.653 [main] INFO  testCases.TC_FindingHospital - *******Starting the TC001 TestCases********
12:45:32.228 [main] INFO  testCases.TC01_Doctors - *******Starting the TC001 TestCases********
12:45:34.152 [main] INFO  testCases.TC01_Doctors - *******Validating the HomePage********
12:45:38.282 [main] INFO  testCases.TC01_Doctors - *******clicking find doctors********
12:45:40.129 [main] INFO  testCases.TC01_Doctors - *******Sending the location********
12:45:43.512 [main] INFO  testCases.TC01_Doctors - *******Searching Doctor********
12:45:48.925 [main] INFO  testCases.TC01_Doctors - *******selecting the gender********
12:45:54.187 [main] INFO  testCases.TC01_Doctors - *******selecting the Patient Stories********
12:45:59.232 [main] INFO  testCases.TC01_Doctors - *******selecting the Doctor Experience********
12:46:05.928 [main] INFO  testCases.TC01_Doctors - *******selecting the Filters********
12:46:12.760 [main] INFO  testCases.TC01_Doctors - *******selecting the Filters again********
12:46:18.578 [main] INFO  testCases.TC01_Doctors - *******selecting the Relevance********
12:46:23.705 [main] INFO  testCases.TC01_Doctors - *******Fetching Doctor Information********
14:28:38.626 [main] INFO  testCases.TC01_Doctors - *******Starting the TC001 TestCases********
14:29:36.293 [main] INFO  testCases.TC01_Doctors - *******clicking find doctors********
14:29:38.383 [main] INFO  testCases.TC01_Doctors - *******Sending the location********
14:29:42.494 [main] INFO  testCases.TC01_Doctors - *******Searching Doctor********
14:29:49.883 [main] INFO  testCases.TC01_Doctors - *******selecting the gender********
14:29:58.231 [main] INFO  testCases.TC01_Doctors - *******selecting the Patient Stories********
14:30:32.448 [main] INFO  testCases.TC01_Doctors - *******selecting the Doctor Experience********
14:32:13.564 [main] INFO  testCases.TC01_Doctors - *******selecting the Filters********
14:33:23.399 [main] INFO  testCases.TC01_Doctors - *******selecting the Filters again********
14:33:36.641 [main] INFO  testCases.TC01_Doctors - *******selecting the Relevance********
16:04:36.698 [main] INFO  testCases.TC_FindingHospital - *******Starting the TC001 TestCases********
16:32:10.968 [main] INFO  testCases.TC_FindingHospital - *******Starting the TC001 TestCases********
16:33:45.092 [main] INFO  testCases.TC01_Doctors - *******Starting the TC001 TestCases********
16:33:46.681 [main] INFO  testCases.TC01_Doctors - *******Validating the HomePage********
16:34:10.249 [main] INFO  testCases.TC01_Doctors - *******clicking find doctors********
16:35:43.432 [main] INFO  testCases.TC01_Doctors - *******Fetching Doctor Information********
17:33:57.421 [main] INFO  testCases.TC_FindingHospital - *******Starting the TC001 TestCases********
09:10:34.945 [main] INFO  testCases.TC01_Doctors - *******Starting the TC001 TestCases********
09:10:34.989 [main] INFO  testCases.TC01_Doctors - *******Validating the HomePage********
09:11:13.762 [main] INFO  testCases.TC01_Doctors - *******clicking find doctors********
09:11:15.962 [main] INFO  testCases.TC01_Doctors - *******Sending the location********
09:11:55.229 [main] INFO  testCases.TC01_Doctors - *******Searching Doctor********
09:12:35.713 [main] INFO  testCases.TC01_Doctors - *******selecting the gender********
09:14:34.108 [main] INFO  testCases.TC01_Doctors - *******selecting the Patient Stories********
09:15:53.411 [main] INFO  testCases.TC01_Doctors - *******selecting the Doctor Experience********
09:17:12.878 [main] INFO  testCases.TC01_Doctors - *******selecting the Filters********
09:18:34.273 [main] INFO  testCases.TC01_Doctors - *******selecting the Filters again********
09:19:54.707 [main] INFO  testCases.TC01_Doctors - *******selecting the Relevance********
09:19:59.465 [main] INFO  testCases.TC01_Doctors - *******Fetching Doctor Information********
09:32:02.094 [main] INFO  testCases.TC01_Doctors - *******Starting the TC001 TestCases********
09:32:02.124 [main] INFO  testCases.TC01_Doctors - *******Validating the HomePage********
09:32:04.344 [main] INFO  testCases.TC01_Doctors - *******clicking find doctors********
09:32:06.254 [main] INFO  testCases.TC01_Doctors - *******Sending the location********
09:32:10.474 [main] INFO  testCases.TC01_Doctors - *******Searching Doctor********
09:32:13.038 [main] INFO  testCases.TC01_Doctors - *******selecting the gender********
09:32:18.709 [main] INFO  testCases.TC01_Doctors - *******selecting the Patient Stories********
